Start testing: Aug 07 11:50 CEST
----------------------------------------------------------
1/1 Testing: test_generator
1/1 Test: test_generator
Command: "/home/david/CppProjects/canvas/build/test_generator"
Directory: /home/david/CppProjects/canvas/build
"test_generator" start time: Aug 07 11:50 CEST
Output:
----------------------------------------------------------
********* Start testing of testGrid *********
Config: Using QtTest library 5.9.8, Qt 5.9.8 (x86_64-little_endian-lp64 shared (dynamic) release build; by GCC 5.3.1 20160406 (Red Hat 5.3.1-6))
PASS   : testGrid::initTestCase()
PASS   : testGrid::can_iterate_all_grid(line)
PASS   : testGrid::can_iterate_all_grid(square)
PASS   : testGrid::can_iterate_all_grid(column)
PASS   : testGrid::can_iterate_all_grid(1 cell)
PASS   : testGrid::cleanupTestCase()
Totals: 6 passed, 0 failed, 0 skipped, 0 blacklisted, 2ms
********* Finished testing of testGrid *********
<end of output>
Test time =   0.02 sec
----------------------------------------------------------
Test Passed.
"test_generator" end time: Aug 07 11:50 CEST
"test_generator" time elapsed: 00:00:00
----------------------------------------------------------

End testing: Aug 07 11:50 CEST
